[ 2016-03-06T15:50:57+08:00 ] 127.0.0.1 /
NOTIC: [2] preg_replace(): The /e modifier is no longer supported, use preg_replace_callback instead /MyApp/public_html/ThinkPHP/Common/common.php 第 217 行.
INFO: [ app_begin ] --START--
INFO: ReadHtmlCache Behavior ::run [ RunTime:0.001057s ]
INFO: [ app_begin ] --END-- [ RunTime:0.001106s ]
NOTIC: [8] Undefined variable: group /MyApp/public_html/ThinkPHP/Lib/Core/App.class.php 第 95 行.
ERR: 无法加载模块:

[ 2016-03-06T15:51:20+08:00 ] 127.0.0.1 /__PUBLIC__/res/images/small_pic/meng_ico.ico
NOTIC: [2] preg_replace(): The /e modifier is no longer supported, use preg_replace_callback instead /MyApp/public_html/ThinkPHP/Common/common.php 第 217 行.
INFO: [ app_begin ] --START--
INFO: ReadHtmlCache Behavior ::run [ RunTime:0.000365s ]
INFO: [ app_begin ] --END-- [ RunTime:0.000527s ]
NOTIC: [8] Undefined variable: group /MyApp/public_html/ThinkPHP/Lib/Core/App.class.php 第 95 行.
ERR: 无法加载模块:

[ 2016-03-06T15:51:23+08:00 ] 127.0.0.1 /
NOTIC: [2] preg_replace(): The /e modifier is no longer supported, use preg_replace_callback instead /MyApp/public_html/ThinkPHP/Common/common.php 第 217 行.
INFO: [ app_begin ] --START--
INFO: ReadHtmlCache Behavior ::run [ RunTime:0.000340s ]
INFO: [ app_begin ] --END-- [ RunTime:0.000414s ]
NOTIC: [8] Undefined variable: group /MyApp/public_html/ThinkPHP/Lib/Core/App.class.php 第 95 行.
ERR: 无法加载模块:

[ 2016-03-06T15:51:46+08:00 ] 127.0.0.1 /__PUBLIC__/res/images/small_pic/meng_ico.ico
NOTIC: [2] preg_replace(): The /e modifier is no longer supported, use preg_replace_callback instead /MyApp/public_html/ThinkPHP/Common/common.php 第 217 行.
INFO: [ app_begin ] --START--
INFO: ReadHtmlCache Behavior ::run [ RunTime:0.000279s ]
INFO: [ app_begin ] --END-- [ RunTime:0.000357s ]
NOTIC: [8] Undefined variable: group /MyApp/public_html/ThinkPHP/Lib/Core/App.class.php 第 95 行.
ERR: 无法加载模块:

[ 2016-03-06T15:51:49+08:00 ] 127.0.0.1 /
NOTIC: [2] preg_replace(): The /e modifier is no longer supported, use preg_replace_callback instead /MyApp/public_html/ThinkPHP/Common/common.php 第 217 行.
INFO: [ app_begin ] --START--
INFO: ReadHtmlCache Behavior ::run [ RunTime:0.000373s ]
INFO: [ app_begin ] --END-- [ RunTime:0.000442s ]
NOTIC: [8] Undefined variable: group /MyApp/public_html/ThinkPHP/Lib/Core/App.class.php 第 95 行.
ERR: 无法加载模块:

[ 2016-03-06T15:51:59+08:00 ] 127.0.0.1 /
INFO: [ app_begin ] --START--
INFO: ReadHtmlCache Behavior ::run [ RunTime:0.000327s ]
INFO: [ app_begin ] --END-- [ RunTime:0.000366s ]
ERR: 系统不支持:mysql

[ 2016-03-06T15:52:01+08:00 ] 127.0.0.1 /
INFO: [ app_begin ] --START--
INFO: ReadHtmlCache Behavior ::run [ RunTime:0.000360s ]
INFO: [ app_begin ] --END-- [ RunTime:0.000405s ]
ERR: 系统不支持:mysql

[ 2016-03-06T15:52:12+08:00 ] 127.0.0.1 /__PUBLIC__/res/images/small_pic/meng_ico.ico
INFO: [ app_begin ] --START--
INFO: ReadHtmlCache Behavior ::run [ RunTime:0.000420s ]
INFO: [ app_begin ] --END-- [ RunTime:0.000552s ]
ERR: 系统不支持:mysql

[ 2016-03-06T15:52:15+08:00 ] 127.0.0.1 /index.php
INFO: [ app_begin ] --START--
INFO: ReadHtmlCache Behavior ::run [ RunTime:0.000568s ]
INFO: [ app_begin ] --END-- [ RunTime:0.000651s ]
ERR: 系统不支持:mysql

[ 2016-03-06T15:52:27+08:00 ] 127.0.0.1 /index.php
INFO: [ app_begin ] --START--
INFO: ReadHtmlCache Behavior ::run [ RunTime:0.000667s ]
INFO: [ app_begin ] --END-- [ RunTime:0.000842s ]
ERR: 系统不支持:mysql

[ 2016-03-06T15:52:30+08:00 ] 127.0.0.1 /
INFO: [ app_begin ] --START--
INFO: ReadHtmlCache Behavior ::run [ RunTime:0.000177s ]
INFO: [ app_begin ] --END-- [ RunTime:0.000209s ]
ERR: 系统不支持:mysql

[ 2016-03-06T15:52:38+08:00 ] 127.0.0.1 /__PUBLIC__/res/images/small_pic/meng_ico.ico
INFO: [ app_begin ] --START--
INFO: ReadHtmlCache Behavior ::run [ RunTime:0.000287s ]
INFO: [ app_begin ] --END-- [ RunTime:0.000416s ]
ERR: 系统不支持:mysql

[ 2016-03-06T15:52:41+08:00 ] 127.0.0.1 /index.php
INFO: [ app_begin ] --START--
INFO: ReadHtmlCache Behavior ::run [ RunTime:0.000309s ]
INFO: [ app_begin ] --END-- [ RunTime:0.000441s ]
ERR: 系统不支持:mysql

[ 2016-03-06T15:53:05+08:00 ] 127.0.0.1 /__PUBLIC__/res/images/small_pic/meng_ico.ico
INFO: [ app_begin ] --START--
INFO: ReadHtmlCache Behavior ::run [ RunTime:0.000304s ]
INFO: [ app_begin ] --END-- [ RunTime:0.000354s ]
ERR: 系统不支持:mysql

[ 2016-03-06T15:53:08+08:00 ] 127.0.0.1 /index.php
INFO: [ app_begin ] --START--
INFO: ReadHtmlCache Behavior ::run [ RunTime:0.000650s ]
INFO: [ app_begin ] --END-- [ RunTime:0.000751s ]
ERR: 系统不支持:mysql

[ 2016-03-06T15:53:31+08:00 ] 127.0.0.1 /__PUBLIC__/res/images/small_pic/meng_ico.ico
INFO: [ app_begin ] --START--
INFO: ReadHtmlCache Behavior ::run [ RunTime:0.000514s ]
INFO: [ app_begin ] --END-- [ RunTime:0.000639s ]
ERR: 系统不支持:mysql

[ 2016-03-06T15:53:34+08:00 ] 127.0.0.1 /index.php
INFO: [ app_begin ] --START--
INFO: ReadHtmlCache Behavior ::run [ RunTime:0.000181s ]
INFO: [ app_begin ] --END-- [ RunTime:0.000215s ]
ERR: 系统不支持:mysql

[ 2016-03-06T15:53:39+08:00 ] 127.0.0.1 /index.php
INFO: [ app_begin ] --START--
INFO: ReadHtmlCache Behavior ::run [ RunTime:0.000421s ]
INFO: [ app_begin ] --END-- [ RunTime:0.000540s ]
ERR: 系统不支持:mysql

[ 2016-03-06T15:53:57+08:00 ] 127.0.0.1 /__PUBLIC__/res/images/small_pic/meng_ico.ico
INFO: [ app_begin ] --START--
INFO: ReadHtmlCache Behavior ::run [ RunTime:0.000414s ]
INFO: [ app_begin ] --END-- [ RunTime:0.000471s ]
ERR: 系统不支持:mysql

[ 2016-03-06T15:54:00+08:00 ] 127.0.0.1 /index.php
INFO: [ app_begin ] --START--
INFO: ReadHtmlCache Behavior ::run [ RunTime:0.000376s ]
INFO: [ app_begin ] --END-- [ RunTime:0.000486s ]
ERR: 系统不支持:mysql

[ 2016-03-06T15:54:16+08:00 ] 127.0.0.1 /__PUBLIC__/res/images/small_pic/meng_ico.ico
INFO: [ app_begin ] --START--
INFO: ReadHtmlCache Behavior ::run [ RunTime:0.000330s ]
INFO: [ app_begin ] --END-- [ RunTime:0.000394s ]
ERR: 系统不支持:mysql

[ 2016-03-06T15:54:28+08:00 ] 127.0.0.1 /
INFO: [ app_begin ] --START--
INFO: ReadHtmlCache Behavior ::run [ RunTime:0.000586s ]
INFO: [ app_begin ] --END-- [ RunTime:0.000756s ]
ERR: 系统不支持:mysql

[ 2016-03-06T15:54:32+08:00 ] 127.0.0.1 /daimeng
INFO: [ app_begin ] --START--
INFO: ReadHtmlCache Behavior ::run [ RunTime:0.000244s ]
INFO: [ app_begin ] --END-- [ RunTime:0.000308s ]
ERR: 系统不支持:mysql

[ 2016-03-06T15:54:51+08:00 ] 127.0.0.1 /__PUBLIC__/res/images/small_pic/meng_ico.ico
INFO: [ app_begin ] --START--
INFO: ReadHtmlCache Behavior ::run [ RunTime:0.000517s ]
INFO: [ app_begin ] --END-- [ RunTime:0.000666s ]
ERR: 系统不支持:mysql

[ 2016-03-06T15:54:54+08:00 ] 127.0.0.1 /index.php
INFO: [ app_begin ] --START--
INFO: ReadHtmlCache Behavior ::run [ RunTime:0.000379s ]
INFO: [ app_begin ] --END-- [ RunTime:0.000437s ]
ERR: 系统不支持:mysql

[ 2016-03-06T15:55:18+08:00 ] 127.0.0.1 /__PUBLIC__/res/images/small_pic/meng_ico.ico
INFO: [ app_begin ] --START--
INFO: ReadHtmlCache Behavior ::run [ RunTime:0.000177s ]
INFO: [ app_begin ] --END-- [ RunTime:0.000209s ]
ERR: 系统不支持:mysql

[ 2016-03-06T15:55:21+08:00 ] 127.0.0.1 /index.php
INFO: [ app_begin ] --START--
INFO: ReadHtmlCache Behavior ::run [ RunTime:0.000373s ]
INFO: [ app_begin ] --END-- [ RunTime:0.000445s ]
ERR: 系统不支持:mysql

[ 2016-03-06T15:55:45+08:00 ] 127.0.0.1 /__PUBLIC__/res/images/small_pic/meng_ico.ico
INFO: [ app_begin ] --START--
INFO: ReadHtmlCache Behavior ::run [ RunTime:0.000207s ]
INFO: [ app_begin ] --END-- [ RunTime:0.000247s ]
ERR: 系统不支持:mysql

[ 2016-03-06T15:55:48+08:00 ] 127.0.0.1 /index.php
INFO: [ app_begin ] --START--
INFO: ReadHtmlCache Behavior ::run [ RunTime:0.000284s ]
INFO: [ app_begin ] --END-- [ RunTime:0.000332s ]
ERR: 系统不支持:mysql

[ 2016-03-06T15:56:12+08:00 ] 127.0.0.1 /__PUBLIC__/res/images/small_pic/meng_ico.ico
INFO: [ app_begin ] --START--
INFO: ReadHtmlCache Behavior ::run [ RunTime:0.000526s ]
INFO: [ app_begin ] --END-- [ RunTime:0.000606s ]
ERR: 系统不支持:mysql

[ 2016-03-06T15:56:16+08:00 ] 127.0.0.1 /index.php
INFO: [ app_begin ] --START--
INFO: ReadHtmlCache Behavior ::run [ RunTime:0.000235s ]
INFO: [ app_begin ] --END-- [ RunTime:0.000275s ]
ERR: 系统不支持:mysql

[ 2016-03-06T15:56:40+08:00 ] 127.0.0.1 /__PUBLIC__/res/images/small_pic/meng_ico.ico
INFO: [ app_begin ] --START--
INFO: ReadHtmlCache Behavior ::run [ RunTime:0.000482s ]
INFO: [ app_begin ] --END-- [ RunTime:0.000615s ]
ERR: 系统不支持:mysql

[ 2016-03-06T15:56:44+08:00 ] 127.0.0.1 /index.php
INFO: [ app_begin ] --START--
INFO: ReadHtmlCache Behavior ::run [ RunTime:0.000394s ]
INFO: [ app_begin ] --END-- [ RunTime:0.000456s ]
ERR: 系统不支持:mysql

[ 2016-03-06T15:57:08+08:00 ] 127.0.0.1 /__PUBLIC__/res/images/small_pic/meng_ico.ico
INFO: [ app_begin ] --START--
INFO: ReadHtmlCache Behavior ::run [ RunTime:0.000295s ]
INFO: [ app_begin ] --END-- [ RunTime:0.000347s ]
ERR: 系统不支持:mysql

[ 2016-03-06T15:57:12+08:00 ] 127.0.0.1 /index.php
INFO: [ app_begin ] --START--
INFO: ReadHtmlCache Behavior ::run [ RunTime:0.000320s ]
INFO: [ app_begin ] --END-- [ RunTime:0.000370s ]
ERR: 系统不支持:mysql

[ 2016-03-06T15:57:36+08:00 ] 127.0.0.1 /__PUBLIC__/res/images/small_pic/meng_ico.ico
INFO: [ app_begin ] --START--
INFO: ReadHtmlCache Behavior ::run [ RunTime:0.001009s ]
INFO: [ app_begin ] --END-- [ RunTime:0.001174s ]
ERR: 系统不支持:mysql

[ 2016-03-06T15:57:40+08:00 ] 127.0.0.1 /index.php
INFO: [ app_begin ] --START--
INFO: ReadHtmlCache Behavior ::run [ RunTime:0.000300s ]
INFO: [ app_begin ] --END-- [ RunTime:0.000348s ]
ERR: 系统不支持:mysql

[ 2016-03-06T15:58:04+08:00 ] 127.0.0.1 /__PUBLIC__/res/images/small_pic/meng_ico.ico
INFO: [ app_begin ] --START--
INFO: ReadHtmlCache Behavior ::run [ RunTime:0.000335s ]
INFO: [ app_begin ] --END-- [ RunTime:0.000385s ]
ERR: 系统不支持:mysql

[ 2016-03-06T15:58:08+08:00 ] 127.0.0.1 /index.php
INFO: [ app_begin ] --START--
INFO: ReadHtmlCache Behavior ::run [ RunTime:0.000202s ]
INFO: [ app_begin ] --END-- [ RunTime:0.000241s ]
ERR: 系统不支持:mysql

[ 2016-03-06T15:58:32+08:00 ] 127.0.0.1 /__PUBLIC__/res/images/small_pic/meng_ico.ico
INFO: [ app_begin ] --START--
INFO: ReadHtmlCache Behavior ::run [ RunTime:0.000551s ]
INFO: [ app_begin ] --END-- [ RunTime:0.000679s ]
ERR: 系统不支持:mysql

[ 2016-03-06T15:58:36+08:00 ] 127.0.0.1 /index.php
INFO: [ app_begin ] --START--
INFO: ReadHtmlCache Behavior ::run [ RunTime:0.000690s ]
INFO: [ app_begin ] --END-- [ RunTime:0.000867s ]
ERR: 系统不支持:mysql

[ 2016-03-06T15:59:00+08:00 ] 127.0.0.1 /__PUBLIC__/res/images/small_pic/meng_ico.ico
INFO: [ app_begin ] --START--
INFO: ReadHtmlCache Behavior ::run [ RunTime:0.000222s ]
INFO: [ app_begin ] --END-- [ RunTime:0.000261s ]
ERR: 系统不支持:mysql

[ 2016-03-06T15:59:04+08:00 ] 127.0.0.1 /index.php
INFO: [ app_begin ] --START--
INFO: ReadHtmlCache Behavior ::run [ RunTime:0.000574s ]
INFO: [ app_begin ] --END-- [ RunTime:0.000707s ]
ERR: 系统不支持:mysql

[ 2016-03-06T15:59:28+08:00 ] 127.0.0.1 /__PUBLIC__/res/images/small_pic/meng_ico.ico
INFO: [ app_begin ] --START--
INFO: ReadHtmlCache Behavior ::run [ RunTime:0.000424s ]
INFO: [ app_begin ] --END-- [ RunTime:0.000557s ]
ERR: 系统不支持:mysql

[ 2016-03-06T15:59:32+08:00 ] 127.0.0.1 /index.php
INFO: [ app_begin ] --START--
INFO: ReadHtmlCache Behavior ::run [ RunTime:0.000468s ]
INFO: [ app_begin ] --END-- [ RunTime:0.000545s ]
ERR: 系统不支持:mysql

[ 2016-03-06T15:59:55+08:00 ] 127.0.0.1 /__PUBLIC__/res/images/small_pic/meng_ico.ico
INFO: [ app_begin ] --START--
INFO: ReadHtmlCache Behavior ::run [ RunTime:0.000220s ]
INFO: [ app_begin ] --END-- [ RunTime:0.000257s ]
ERR: 系统不支持:mysql

[ 2016-03-06T15:59:59+08:00 ] 127.0.0.1 /index.php
INFO: [ app_begin ] --START--
INFO: ReadHtmlCache Behavior ::run [ RunTime:0.000365s ]
INFO: [ app_begin ] --END-- [ RunTime:0.000487s ]
ERR: 系统不支持:mysql

[ 2016-03-06T16:00:23+08:00 ] 127.0.0.1 /__PUBLIC__/res/images/small_pic/meng_ico.ico
INFO: [ app_begin ] --START--
INFO: ReadHtmlCache Behavior ::run [ RunTime:0.000269s ]
INFO: [ app_begin ] --END-- [ RunTime:0.000312s ]
ERR: 系统不支持:mysql

[ 2016-03-06T16:00:27+08:00 ] 127.0.0.1 /index.php
INFO: [ app_begin ] --START--
INFO: ReadHtmlCache Behavior ::run [ RunTime:0.000360s ]
INFO: [ app_begin ] --END-- [ RunTime:0.000496s ]
ERR: 系统不支持:mysql

[ 2016-03-06T16:00:51+08:00 ] 127.0.0.1 /__PUBLIC__/res/images/small_pic/meng_ico.ico
INFO: [ app_begin ] --START--
INFO: ReadHtmlCache Behavior ::run [ RunTime:0.000452s ]
INFO: [ app_begin ] --END-- [ RunTime:0.000519s ]
ERR: 系统不支持:mysql

[ 2016-03-06T16:00:55+08:00 ] 127.0.0.1 /index.php
INFO: [ app_begin ] --START--
INFO: ReadHtmlCache Behavior ::run [ RunTime:0.000336s ]
INFO: [ app_begin ] --END-- [ RunTime:0.000391s ]
ERR: 系统不支持:mysql

[ 2016-03-06T16:01:19+08:00 ] 127.0.0.1 /__PUBLIC__/res/images/small_pic/meng_ico.ico
INFO: [ app_begin ] --START--
INFO: ReadHtmlCache Behavior ::run [ RunTime:0.000321s ]
INFO: [ app_begin ] --END-- [ RunTime:0.000375s ]
ERR: 系统不支持:mysql

[ 2016-03-06T16:01:23+08:00 ] 127.0.0.1 /index.php
INFO: [ app_begin ] --START--
INFO: ReadHtmlCache Behavior ::run [ RunTime:0.000561s ]
INFO: [ app_begin ] --END-- [ RunTime:0.000698s ]
ERR: 系统不支持:mysql

[ 2016-03-06T16:01:47+08:00 ] 127.0.0.1 /__PUBLIC__/res/images/small_pic/meng_ico.ico
INFO: [ app_begin ] --START--
INFO: ReadHtmlCache Behavior ::run [ RunTime:0.000510s ]
INFO: [ app_begin ] --END-- [ RunTime:0.000642s ]
ERR: 系统不支持:mysql

[ 2016-03-06T16:01:51+08:00 ] 127.0.0.1 /index.php
INFO: [ app_begin ] --START--
INFO: ReadHtmlCache Behavior ::run [ RunTime:0.000197s ]
INFO: [ app_begin ] --END-- [ RunTime:0.000235s ]
ERR: 系统不支持:mysql

[ 2016-03-06T16:02:15+08:00 ] 127.0.0.1 /__PUBLIC__/res/images/small_pic/meng_ico.ico
INFO: [ app_begin ] --START--
INFO: ReadHtmlCache Behavior ::run [ RunTime:0.000300s ]
INFO: [ app_begin ] --END-- [ RunTime:0.000347s ]
ERR: 系统不支持:mysql

[ 2016-03-06T16:02:18+08:00 ] 127.0.0.1 /index.php
INFO: [ app_begin ] --START--
INFO: ReadHtmlCache Behavior ::run [ RunTime:0.000383s ]
INFO: [ app_begin ] --END-- [ RunTime:0.000508s ]
ERR: 系统不支持:mysql

[ 2016-03-06T16:02:42+08:00 ] 127.0.0.1 /__PUBLIC__/res/images/small_pic/meng_ico.ico
INFO: [ app_begin ] --START--
INFO: ReadHtmlCache Behavior ::run [ RunTime:0.000471s ]
INFO: [ app_begin ] --END-- [ RunTime:0.000584s ]
ERR: 系统不支持:mysql

[ 2016-03-06T16:02:46+08:00 ] 127.0.0.1 /index.php
INFO: [ app_begin ] --START--
INFO: ReadHtmlCache Behavior ::run [ RunTime:0.000278s ]
INFO: [ app_begin ] --END-- [ RunTime:0.000325s ]
ERR: 系统不支持:mysql

[ 2016-03-06T16:03:10+08:00 ] 127.0.0.1 /__PUBLIC__/res/images/small_pic/meng_ico.ico
INFO: [ app_begin ] --START--
INFO: ReadHtmlCache Behavior ::run [ RunTime:0.000278s ]
INFO: [ app_begin ] --END-- [ RunTime:0.000327s ]
ERR: 系统不支持:mysql

[ 2016-03-06T16:03:14+08:00 ] 127.0.0.1 /index.php
INFO: [ app_begin ] --START--
INFO: ReadHtmlCache Behavior ::run [ RunTime:0.000345s ]
INFO: [ app_begin ] --END-- [ RunTime:0.000399s ]
ERR: 系统不支持:mysql

[ 2016-03-06T16:03:38+08:00 ] 127.0.0.1 /__PUBLIC__/res/images/small_pic/meng_ico.ico
INFO: [ app_begin ] --START--
INFO: ReadHtmlCache Behavior ::run [ RunTime:0.000452s ]
INFO: [ app_begin ] --END-- [ RunTime:0.000516s ]
ERR: 系统不支持:mysql

[ 2016-03-06T16:03:42+08:00 ] 127.0.0.1 /index.php
INFO: [ app_begin ] --START--
INFO: ReadHtmlCache Behavior ::run [ RunTime:0.000444s ]
INFO: [ app_begin ] --END-- [ RunTime:0.000576s ]
ERR: 系统不支持:mysql

[ 2016-03-06T16:04:06+08:00 ] 127.0.0.1 /__PUBLIC__/res/images/small_pic/meng_ico.ico
INFO: [ app_begin ] --START--
INFO: ReadHtmlCache Behavior ::run [ RunTime:0.000179s ]
INFO: [ app_begin ] --END-- [ RunTime:0.000208s ]
ERR: 系统不支持:mysql

[ 2016-03-06T16:04:10+08:00 ] 127.0.0.1 /index.php
INFO: [ app_begin ] --START--
INFO: ReadHtmlCache Behavior ::run [ RunTime:0.000253s ]
INFO: [ app_begin ] --END-- [ RunTime:0.000291s ]
ERR: 系统不支持:mysql

[ 2016-03-06T16:04:34+08:00 ] 127.0.0.1 /__PUBLIC__/res/images/small_pic/meng_ico.ico
INFO: [ app_begin ] --START--
INFO: ReadHtmlCache Behavior ::run [ RunTime:0.000193s ]
INFO: [ app_begin ] --END-- [ RunTime:0.000225s ]
ERR: 系统不支持:mysql

[ 2016-03-06T16:04:38+08:00 ] 127.0.0.1 /index.php
INFO: [ app_begin ] --START--
INFO: ReadHtmlCache Behavior ::run [ RunTime:0.000383s ]
INFO: [ app_begin ] --END-- [ RunTime:0.000515s ]
ERR: 系统不支持:mysql

[ 2016-03-06T16:05:02+08:00 ] 127.0.0.1 /__PUBLIC__/res/images/small_pic/meng_ico.ico
INFO: [ app_begin ] --START--
INFO: ReadHtmlCache Behavior ::run [ RunTime:0.000553s ]
INFO: [ app_begin ] --END-- [ RunTime:0.000633s ]
ERR: 系统不支持:mysql

[ 2016-03-06T16:05:06+08:00 ] 127.0.0.1 /index.php
INFO: [ app_begin ] --START--
INFO: ReadHtmlCache Behavior ::run [ RunTime:0.000508s ]
INFO: [ app_begin ] --END-- [ RunTime:0.000626s ]
ERR: 系统不支持:mysql

[ 2016-03-06T16:05:30+08:00 ] 127.0.0.1 /__PUBLIC__/res/images/small_pic/meng_ico.ico
INFO: [ app_begin ] --START--
INFO: ReadHtmlCache Behavior ::run [ RunTime:0.000377s ]
INFO: [ app_begin ] --END-- [ RunTime:0.000539s ]
ERR: 系统不支持:mysql

[ 2016-03-06T16:05:34+08:00 ] 127.0.0.1 /index.php
INFO: [ app_begin ] --START--
INFO: ReadHtmlCache Behavior ::run [ RunTime:0.000297s ]
INFO: [ app_begin ] --END-- [ RunTime:0.000346s ]
ERR: 系统不支持:mysql

[ 2016-03-06T16:05:58+08:00 ] 127.0.0.1 /__PUBLIC__/res/images/small_pic/meng_ico.ico
INFO: [ app_begin ] --START--
INFO: ReadHtmlCache Behavior ::run [ RunTime:0.000669s ]
INFO: [ app_begin ] --END-- [ RunTime:0.000769s ]
ERR: 系统不支持:mysql

[ 2016-03-06T16:06:02+08:00 ] 127.0.0.1 /index.php
INFO: [ app_begin ] --START--
INFO: ReadHtmlCache Behavior ::run [ RunTime:0.000446s ]
INFO: [ app_begin ] --END-- [ RunTime:0.000590s ]
ERR: 系统不支持:mysql

[ 2016-03-06T16:06:26+08:00 ] 127.0.0.1 /__PUBLIC__/res/images/small_pic/meng_ico.ico
INFO: [ app_begin ] --START--
INFO: ReadHtmlCache Behavior ::run [ RunTime:0.000220s ]
INFO: [ app_begin ] --END-- [ RunTime:0.000263s ]
ERR: 系统不支持:mysql

[ 2016-03-06T16:06:30+08:00 ] 127.0.0.1 /index.php
INFO: [ app_begin ] --START--
INFO: ReadHtmlCache Behavior ::run [ RunTime:0.000271s ]
INFO: [ app_begin ] --END-- [ RunTime:0.000316s ]
ERR: 系统不支持:mysql

[ 2016-03-06T16:06:54+08:00 ] 127.0.0.1 /__PUBLIC__/res/images/small_pic/meng_ico.ico
INFO: [ app_begin ] --START--
INFO: ReadHtmlCache Behavior ::run [ RunTime:0.000217s ]
INFO: [ app_begin ] --END-- [ RunTime:0.000256s ]
ERR: 系统不支持:mysql

[ 2016-03-06T16:06:58+08:00 ] 127.0.0.1 /index.php
INFO: [ app_begin ] --START--
INFO: ReadHtmlCache Behavior ::run [ RunTime:0.000317s ]
INFO: [ app_begin ] --END-- [ RunTime:0.000368s ]
ERR: 系统不支持:mysql

[ 2016-03-06T16:07:22+08:00 ] 127.0.0.1 /__PUBLIC__/res/images/small_pic/meng_ico.ico
INFO: [ app_begin ] --START--
INFO: ReadHtmlCache Behavior ::run [ RunTime:0.000217s ]
INFO: [ app_begin ] --END-- [ RunTime:0.000252s ]
ERR: 系统不支持:mysql

[ 2016-03-06T16:07:26+08:00 ] 127.0.0.1 /index.php
INFO: [ app_begin ] --START--
INFO: ReadHtmlCache Behavior ::run [ RunTime:0.000379s ]
INFO: [ app_begin ] --END-- [ RunTime:0.000439s ]
ERR: 系统不支持:mysql

[ 2016-03-06T16:07:52+08:00 ] 127.0.0.1 /__PUBLIC__/res/images/small_pic/meng_ico.ico
INFO: [ app_begin ] --START--
INFO: ReadHtmlCache Behavior ::run [ RunTime:0.000758s ]
INFO: [ app_begin ] --END-- [ RunTime:0.000903s ]
ERR: 系统不支持:mysql

[ 2016-03-06T16:07:55+08:00 ] 127.0.0.1 /index.php
INFO: [ app_begin ] --START--
INFO: ReadHtmlCache Behavior ::run [ RunTime:0.000242s ]
INFO: [ app_begin ] --END-- [ RunTime:0.000312s ]
ERR: 系统不支持:mysql

[ 2016-03-06T16:08:21+08:00 ] 127.0.0.1 /__PUBLIC__/res/images/small_pic/meng_ico.ico
INFO: [ app_begin ] --START--
INFO: ReadHtmlCache Behavior ::run [ RunTime:0.000552s ]
INFO: [ app_begin ] --END-- [ RunTime:0.000669s ]
ERR: 系统不支持:mysql

[ 2016-03-06T16:08:24+08:00 ] 127.0.0.1 /index.php
INFO: [ app_begin ] --START--
INFO: ReadHtmlCache Behavior ::run [ RunTime:0.000760s ]
INFO: [ app_begin ] --END-- [ RunTime:0.000951s ]
ERR: 系统不支持:mysql

[ 2016-03-06T16:08:50+08:00 ] 127.0.0.1 /__PUBLIC__/res/images/small_pic/meng_ico.ico
INFO: [ app_begin ] --START--
INFO: ReadHtmlCache Behavior ::run [ RunTime:0.000410s ]
INFO: [ app_begin ] --END-- [ RunTime:0.000542s ]
ERR: 系统不支持:mysql

[ 2016-03-06T16:08:53+08:00 ] 127.0.0.1 /index.php
INFO: [ app_begin ] --START--
INFO: ReadHtmlCache Behavior ::run [ RunTime:0.000488s ]
INFO: [ app_begin ] --END-- [ RunTime:0.000614s ]
ERR: 系统不支持:mysql

[ 2016-03-06T16:09:11+08:00 ] 127.0.0.1 /__PUBLIC__/res/images/small_pic/meng_ico.ico
INFO: [ app_begin ] --START--
INFO: ReadHtmlCache Behavior ::run [ RunTime:0.000691s ]
INFO: [ app_begin ] --END-- [ RunTime:0.000871s ]
ERR: 系统不支持:mysql

[ 2016-03-06T16:14:48+08:00 ] 127.0.0.1 /
INFO: [ app_begin ] --START--
INFO: ReadHtmlCache Behavior ::run [ RunTime:0.000238s ]
INFO: [ app_begin ] --END-- [ RunTime:0.000284s ]
ERR: 系统不支持:mysql

[ 2016-03-06T16:15:13+08:00 ] 127.0.0.1 /__PUBLIC__/res/images/small_pic/meng_ico.ico
INFO: [ app_begin ] --START--
INFO: ReadHtmlCache Behavior ::run [ RunTime:0.000337s ]
INFO: [ app_begin ] --END-- [ RunTime:0.000392s ]
ERR: 系统不支持:mysql

[ 2016-03-06T16:15:16+08:00 ] 127.0.0.1 /index.php
INFO: [ app_begin ] --START--
INFO: ReadHtmlCache Behavior ::run [ RunTime:0.000475s ]
INFO: [ app_begin ] --END-- [ RunTime:0.000630s ]
ERR: 系统不支持:mysql

[ 2016-03-06T16:15:42+08:00 ] 127.0.0.1 /__PUBLIC__/res/images/small_pic/meng_ico.ico
INFO: [ app_begin ] --START--
INFO: ReadHtmlCache Behavior ::run [ RunTime:0.000661s ]
INFO: [ app_begin ] --END-- [ RunTime:0.000796s ]
ERR: 系统不支持:mysql

[ 2016-03-06T16:15:45+08:00 ] 127.0.0.1 /index.php
INFO: [ app_begin ] --START--
INFO: ReadHtmlCache Behavior ::run [ RunTime:0.000416s ]
INFO: [ app_begin ] --END-- [ RunTime:0.000562s ]
ERR: 系统不支持:mysql

[ 2016-03-06T16:16:11+08:00 ] 127.0.0.1 /__PUBLIC__/res/images/small_pic/meng_ico.ico
INFO: [ app_begin ] --START--
INFO: ReadHtmlCache Behavior ::run [ RunTime:0.000214s ]
INFO: [ app_begin ] --END-- [ RunTime:0.000249s ]
ERR: 系统不支持:mysql

[ 2016-03-06T16:16:14+08:00 ] 127.0.0.1 /index.php
INFO: [ app_begin ] --START--
INFO: ReadHtmlCache Behavior ::run [ RunTime:0.000187s ]
INFO: [ app_begin ] --END-- [ RunTime:0.000222s ]
ERR: 系统不支持:mysql

[ 2016-03-06T16:16:40+08:00 ] 127.0.0.1 /__PUBLIC__/res/images/small_pic/meng_ico.ico
INFO: [ app_begin ] --START--
INFO: ReadHtmlCache Behavior ::run [ RunTime:0.000176s ]
INFO: [ app_begin ] --END-- [ RunTime:0.000208s ]
ERR: 系统不支持:mysql

[ 2016-03-06T16:16:43+08:00 ] 127.0.0.1 /index.php
INFO: [ app_begin ] --START--
INFO: ReadHtmlCache Behavior ::run [ RunTime:0.000370s ]
INFO: [ app_begin ] --END-- [ RunTime:0.000483s ]
ERR: 系统不支持:mysql

[ 2016-03-06T16:17:05+08:00 ] 127.0.0.1 /__PUBLIC__/res/images/small_pic/meng_ico.ico
INFO: [ app_begin ] --START--
INFO: ReadHtmlCache Behavior ::run [ RunTime:0.000204s ]
INFO: [ app_begin ] --END-- [ RunTime:0.000248s ]
ERR: 系统不支持:mysql

[ 2016-03-06T16:17:08+08:00 ] 127.0.0.1 /index.php
INFO: [ app_begin ] --START--
INFO: ReadHtmlCache Behavior ::run [ RunTime:0.000587s ]
INFO: [ app_begin ] --END-- [ RunTime:0.000706s ]
ERR: 系统不支持:mysql

[ 2016-03-06T16:17:34+08:00 ] 127.0.0.1 /__PUBLIC__/res/images/small_pic/meng_ico.ico
INFO: [ app_begin ] --START--
INFO: ReadHtmlCache Behavior ::run [ RunTime:0.000183s ]
INFO: [ app_begin ] --END-- [ RunTime:0.000216s ]
ERR: 系统不支持:mysql

[ 2016-03-06T16:17:37+08:00 ] 127.0.0.1 /index.php
INFO: [ app_begin ] --START--
INFO: ReadHtmlCache Behavior ::run [ RunTime:0.000372s ]
INFO: [ app_begin ] --END-- [ RunTime:0.000473s ]
ERR: 系统不支持:mysql

[ 2016-03-06T16:18:03+08:00 ] 127.0.0.1 /__PUBLIC__/res/images/small_pic/meng_ico.ico
INFO: [ app_begin ] --START--
INFO: ReadHtmlCache Behavior ::run [ RunTime:0.000517s ]
INFO: [ app_begin ] --END-- [ RunTime:0.000592s ]
ERR: 系统不支持:mysql

[ 2016-03-06T16:18:06+08:00 ] 127.0.0.1 /index.php
INFO: [ app_begin ] --START--
INFO: ReadHtmlCache Behavior ::run [ RunTime:0.000443s ]
INFO: [ app_begin ] --END-- [ RunTime:0.000573s ]
ERR: 系统不支持:mysql

[ 2016-03-06T16:18:32+08:00 ] 127.0.0.1 /__PUBLIC__/res/images/small_pic/meng_ico.ico
INFO: [ app_begin ] --START--
INFO: ReadHtmlCache Behavior ::run [ RunTime:0.000187s ]
INFO: [ app_begin ] --END-- [ RunTime:0.000219s ]
ERR: 系统不支持:mysql

[ 2016-03-06T16:18:35+08:00 ] 127.0.0.1 /index.php
INFO: [ app_begin ] --START--
INFO: ReadHtmlCache Behavior ::run [ RunTime:0.000228s ]
INFO: [ app_begin ] --END-- [ RunTime:0.000297s ]
ERR: 系统不支持:mysql

[ 2016-03-06T16:18:43+08:00 ] 127.0.0.1 /index.php
INFO: [ app_begin ] --START--
INFO: ReadHtmlCache Behavior ::run [ RunTime:0.000304s ]
INFO: [ app_begin ] --END-- [ RunTime:0.000353s ]
ERR: 系统不支持:mysql

[ 2016-03-06T16:18:55+08:00 ] 127.0.0.1 /__PUBLIC__/res/images/small_pic/meng_ico.ico
INFO: [ app_begin ] --START--
INFO: ReadHtmlCache Behavior ::run [ RunTime:0.000854s ]
INFO: [ app_begin ] --END-- [ RunTime:0.001027s ]
ERR: 系统不支持:mysql

